Using pre-set license
Built from '2020.3/staging' branch; Version is '2020.3.37f1 (8c66806a0c04) revision 9201280'; Using compiler version '192528614'; Build Type 'Release'
OS: 'Windows 11  (10.0.22621) 64bit Core' Language: 'ja' Physical Memory: 32665 MB
BatchMode: 1, IsHumanControllingUs: 0, StartBugReporterOnCrash: 0, Is64bit: 1, IsPro: 0

COMMAND LINE ARGUMENTS:
C:\Program Files\Unity\Hub\Editor\2020.3.37f1\Editor\Unity.exe
-adb2
-batchMode
-noUpm
-name
AssetImportWorker0
-projectPath
M:/GitHub/PMFD/PMFD2020
-logFile
Logs/AssetImportWorker0.log
-srvPort
49711
Successfully changed project path to: M:/GitHub/PMFD/PMFD2020
M:/GitHub/PMFD/PMFD2020
Using Asset Import Pipeline V2.
Refreshing native plugins compatible for Editor in 29.10 ms, found 2 plugins.
Preloading 0 native plugins for Editor in 0.00 ms.
Initialize engine version: 2020.3.37f1 (8c66806a0c04)
[Subsystems] Discovering subsystems at path C:/Program Files/Unity/Hub/Editor/2020.3.37f1/Editor/Data/Resources/UnitySubsystems
[Subsystems] Discovering subsystems at path M:/GitHub/PMFD/PMFD2020/Assets
GfxDevice: creating device client; threaded=0
Direct3D:
    Version:  Direct3D 11.0 [level 11.1]
    Renderer: NVIDIA GeForce GTX 1050 Ti (ID=0x1c82)
    Vendor:   
    VRAM:     4017 MB
    Driver:   31.0.15.2698
Initialize mono
Mono path[0] = 'C:/Program Files/Unity/Hub/Editor/2020.3.37f1/Editor/Data/Managed'
Mono path[1] = 'C:/Program Files/Unity/Hub/Editor/2020.3.37f1/Editor/Data/MonoBleedingEdge/lib/mono/unityjit'
Mono config path = 'C:/Program Files/Unity/Hub/Editor/2020.3.37f1/Editor/Data/MonoBleedingEdge/etc'
Using monoOptions --debugger-agent=transport=dt_socket,embedding=1,server=y,suspend=n,address=127.0.0.1:56788
Begin MonoManager ReloadAssembly
Registering precompiled unity dll's ...
Register platform support module: C:/Program Files/Unity/Hub/Editor/2020.3.37f1/Editor/Data/PlaybackEngines/WindowsStandaloneSupport/UnityEditor.WindowsStandalone.Extensions.dll
Registered in 0.002312 seconds.
Native extension for WindowsStandalone target not found
Refreshing native plugins compatible for Editor in 28.21 ms, found 2 plugins.
Preloading 0 native plugins for Editor in 0.00 ms.
Mono: successfully reloaded assembly
- Completed reload, in  0.557 seconds
Domain Reload Profiling:
	ReloadAssembly (557ms)
		BeginReloadAssembly (63ms)
			ExecutionOrderSort (0ms)
			DisableScriptedObjects (0ms)
			BackupInstance (0ms)
			ReleaseScriptingObjects (0ms)
			CreateAndSetChildDomain (1ms)
		EndReloadAssembly (427ms)
			LoadAssemblies (60ms)
			RebuildTransferFunctionScriptingTraits (0ms)
			SetupTypeCache (137ms)
			ReleaseScriptCaches (0ms)
			RebuildScriptCaches (35ms)
			SetupLoadedEditorAssemblies (159ms)
				LogAssemblyErrors (0ms)
				InitializePlatformSupportModulesInManaged (5ms)
				SetLoadedEditorAssemblies (0ms)
				RefreshPlugins (28ms)
				BeforeProcessingInitializeOnLoad (15ms)
				ProcessInitializeOnLoadAttributes (85ms)
				ProcessInitializeOnLoadMethodAttributes (26ms)
				AfterProcessingInitializeOnLoad (0ms)
				EditorAssembliesLoaded (0ms)
			ExecutionOrderSort2 (0ms)
			AwakeInstancesAfterBackupRestoration (0ms)
Platform modules already initialized, skipping
Registering precompiled user dll's ...
Registered in 0.002622 seconds.
Begin MonoManager ReloadAssembly
Native extension for WindowsStandalone target not found
Refreshing native plugins compatible for Editor in 0.60 ms, found 2 plugins.
Preloading 0 native plugins for Editor in 0.00 ms.
Mono: successfully reloaded assembly
- Completed reload, in  1.313 seconds
Domain Reload Profiling:
	ReloadAssembly (1314ms)
		BeginReloadAssembly (168ms)
			ExecutionOrderSort (0ms)
			DisableScriptedObjects (5ms)
			BackupInstance (0ms)
			ReleaseScriptingObjects (0ms)
			CreateAndSetChildDomain (20ms)
		EndReloadAssembly (1083ms)
			LoadAssemblies (93ms)
			RebuildTransferFunctionScriptingTraits (0ms)
			SetupTypeCache (353ms)
			ReleaseScriptCaches (0ms)
			RebuildScriptCaches (77ms)
			SetupLoadedEditorAssemblies (440ms)
				LogAssemblyErrors (0ms)
				InitializePlatformSupportModulesInManaged (6ms)
				SetLoadedEditorAssemblies (1ms)
				RefreshPlugins (1ms)
				BeforeProcessingInitializeOnLoad (111ms)
				ProcessInitializeOnLoadAttributes (293ms)
				ProcessInitializeOnLoadMethodAttributes (19ms)
				AfterProcessingInitializeOnLoad (9ms)
				EditorAssembliesLoaded (0ms)
			ExecutionOrderSort2 (0ms)
			AwakeInstancesAfterBackupRestoration (2ms)
Platform modules already initialized, skipping
========================================================================
Worker process is ready to serve import requests
Launched and connected shader compiler UnityShaderCompiler.exe after 0.06 seconds
Refreshing native plugins compatible for Editor in 0.70 ms, found 2 plugins.
Preloading 0 native plugins for Editor in 0.00 ms.
Unloading 1568 Unused Serialized files (Serialized files now loaded: 0)
System memory in use before: 85.7 MB.
System memory in use after: 85.6 MB.

Unloading 18 unused Assets to reduce memory usage. Loaded Objects now: 2023.
Total: 2.935300 ms (FindLiveObjects: 0.147300 ms CreateObjectMapping: 0.116600 ms MarkObjects: 2.480000 ms  DeleteObjects: 0.190300 ms)

AssetImportParameters requested are different than current active one (requested -> active):
  custom:framework-win-MediaFoundation: 216162199b28c13a410421893ffa2e32 -> 
  custom:video-decoder-ogg-theora: a1e56fd34408186e4bbccfd4996cb3dc -> 
  custom:container-muxer-webm: aa71ff27fc2769a1b78a27578f13a17b -> 
  custom:container-demuxer-webm: 4f35f7cbe854078d1ac9338744f61a02 -> 
  custom:container-demuxer-ogg: 62fdf1f143b41e24485cea50d1cbac27 -> 
  custom:video-encoder-webm-vp8: eb34c28f22e8b96e1ab97ce403110664 -> 
  custom:video-codec-MediaFoundation-h265: 746d11721c4dcdbdad8f713fa42b33f4 -> 
  custom:video-decoder-webm-vp8: 9c59270c3fd7afecdb556c50c9e8de78 -> 
  custom:audio-decoder-ogg-vorbis: bf7c407c2cedff20999df2af8eb42d56 -> 
  custom:audio-encoder-webm-vorbis: bf7c407c2cedff20999df2af8eb42d56 -> 
========================================================================
Received Import Request.
  path: Assets/Shader/ellipse.shader
  artifactKey: Guid(242adcc1cbfdb7e40b9ca162fef1df59) Importer(815301076,1909f56bfc062723c751e8b465ee728b)
Start importing Assets/Shader/ellipse.shader using Guid(242adcc1cbfdb7e40b9ca162fef1df59) Importer(815301076,1909f56bfc062723c751e8b465ee728b)  -> (artifact id: '8b60556c086490fa71803e5cc7293e9b') in 0.058307 seconds 
========================================================================
Received Import Request.
  Time since last request: 356.686116 seconds.
  path: Assets/Shader
  artifactKey: Guid(62eee78daf3e53746924cbd41d27f190) Importer(815301076,1909f56bfc062723c751e8b465ee728b)
Start importing Assets/Shader using Guid(62eee78daf3e53746924cbd41d27f190) Importer(815301076,1909f56bfc062723c751e8b465ee728b)  -> (artifact id: '020c061ac33ea11c05f839d139a0b739') in 0.001744 seconds 
========================================================================
Received Import Request.
  Time since last request: 11.509607 seconds.
  path: Assets/Shader/ellipse.shader
  artifactKey: Guid(242adcc1cbfdb7e40b9ca162fef1df59) Importer(815301076,1909f56bfc062723c751e8b465ee728b)
Start importing Assets/Shader/ellipse.shader using Guid(242adcc1cbfdb7e40b9ca162fef1df59) Importer(815301076,1909f56bfc062723c751e8b465ee728b)  -> (artifact id: 'd55d03919fb347e0195c45258d4719ea') in 0.010527 seconds 
========================================================================
Received Import Request.
  Time since last request: 856.539842 seconds.
  path: Assets/Shader/ellipse.shader
  artifactKey: Guid(242adcc1cbfdb7e40b9ca162fef1df59) Importer(815301076,1909f56bfc062723c751e8b465ee728b)
Start importing Assets/Shader/ellipse.shader using Guid(242adcc1cbfdb7e40b9ca162fef1df59) Importer(815301076,1909f56bfc062723c751e8b465ee728b)  -> (artifact id: 'aa4b464d793f17878da826c0f59ec009') in 0.003403 seconds 
========================================================================
Received Import Request.
  Time since last request: 34.821748 seconds.
  path: Assets/Shader/ellipse.shader
  artifactKey: Guid(242adcc1cbfdb7e40b9ca162fef1df59) Importer(815301076,1909f56bfc062723c751e8b465ee728b)
Start importing Assets/Shader/ellipse.shader using Guid(242adcc1cbfdb7e40b9ca162fef1df59) Importer(815301076,1909f56bfc062723c751e8b465ee728b)  -> (artifact id: 'f19ade9b15a4be2cbb38041c95e78445') in 0.003394 seconds 
========================================================================
Received Import Request.
  Time since last request: 269.522049 seconds.
  path: Assets/Shader/ellipse.shader
  artifactKey: Guid(242adcc1cbfdb7e40b9ca162fef1df59) Importer(815301076,1909f56bfc062723c751e8b465ee728b)
Start importing Assets/Shader/ellipse.shader using Guid(242adcc1cbfdb7e40b9ca162fef1df59) Importer(815301076,1909f56bfc062723c751e8b465ee728b)  -> (artifact id: 'dd938f5700f101269f8fa3aeac732791') in 0.002236 seconds 
========================================================================
Received Import Request.
  Time since last request: 20.457406 seconds.
  path: Assets/Shader/ellipse.shader
  artifactKey: Guid(242adcc1cbfdb7e40b9ca162fef1df59) Importer(815301076,1909f56bfc062723c751e8b465ee728b)
Start importing Assets/Shader/ellipse.shader using Guid(242adcc1cbfdb7e40b9ca162fef1df59) Importer(815301076,1909f56bfc062723c751e8b465ee728b)  -> (artifact id: '4a21b1a1687b22a4390e3cd461b51348') in 0.001986 seconds 
========================================================================
Received Import Request.
  Time since last request: 2037.655022 seconds.
  path: Assets/Shader/ellipse.shader
  artifactKey: Guid(242adcc1cbfdb7e40b9ca162fef1df59) Importer(815301076,1909f56bfc062723c751e8b465ee728b)
Start importing Assets/Shader/ellipse.shader using Guid(242adcc1cbfdb7e40b9ca162fef1df59) Importer(815301076,1909f56bfc062723c751e8b465ee728b)  -> (artifact id: 'c4f3f581d3242a6f6b2859520cbd5e25') in 0.003259 seconds 
AssetImportWorkerClient::OnTransportError - code=2 error=End of file
